============================================================
  Generated by:           Genus(TM) Synthesis Solution 20.11-s111_1
  Generated on:           Oct 31 2022  12:14:11 pm
  Module:                 FA64bit
  Operating conditions:   typical (balanced_tree)
  Wireload mode:          enclosed
  Area mode:              timing library
============================================================


Path 1: UNCONSTRAINED
     Startpoint: (R) b[0]
       Endpoint: (F) cout

                   Capture    Launch  
      Drv Adjust:+       0         0  
                                      
       Data Path:-    1462            

#------------------------------------------------------------------------------------------------------------
#            Timing Point             Flags   Arc   Edge   Cell     Fanout Load Trans Delay Arrival Instance 
#                                                                          (fF)  (ps)  (ps)   (ps)  Location 
#------------------------------------------------------------------------------------------------------------
  b[0]                                -       -     R     (arrival)      1  1.3     0     0       0    (-,-) 
  FA[0].f16/FA[0].f1/M1/g28__2398/S   -       A->S  F     ADDHX1         1  1.7    28    76      76    (-,-) 
  FA[0].f16/FA[0].f1/M2/g28__5107/CO  -       B->CO F     ADDHX1         1  0.6    14    38     113    (-,-) 
  FA[0].f16/FA[0].f1/g1__6260/Y       -       B->Y  F     OR2X1          1  1.7    26    51     164    (-,-) 
  FA[0].f16/FA[1].f1/M2/g28__8428/CO  -       B->CO F     ADDHX1         1  0.6    13    37     201    (-,-) 
  FA[0].f16/FA[1].f1/g1__5526/Y       -       B->Y  F     OR2X1          1  1.7    26    51     251    (-,-) 
  FA[0].f16/FA[2].f1/M2/g28__3680/CO  -       B->CO F     ADDHX1         1  0.6    13    37     288    (-,-) 
  FA[0].f16/FA[2].f1/g1__1617/Y       -       B->Y  F     OR2X1          1  1.7    26    51     339    (-,-) 
  FA[0].f16/FA[3].f1/M2/g28__1705/CO  -       B->CO F     ADDHX1         1  0.6    13    37     375    (-,-) 
  FA[0].f16/FA[3].f1/g1__5122/Y       -       B->Y  F     OR2X1          1  1.7    26    51     426    (-,-) 
  FA[4].f16/FA[0].f1/M2/g28__7098/CO  -       B->CO F     ADDHX1         1  0.6    13    37     463    (-,-) 
  FA[4].f16/FA[0].f1/g1__6131/Y       -       B->Y  F     OR2X1          1  1.7    26    51     513    (-,-) 
  FA[4].f16/FA[1].f1/M2/g28__5115/CO  -       B->CO F     ADDHX1         1  0.6    13    37     550    (-,-) 
  FA[4].f16/FA[1].f1/g1__7482/Y       -       B->Y  F     OR2X1          1  1.7    26    51     601    (-,-) 
  FA[4].f16/FA[2].f1/M2/g28__6161/CO  -       B->CO F     ADDHX1         1  0.6    13    37     638    (-,-) 
  FA[4].f16/FA[2].f1/g1__9315/Y       -       B->Y  F     OR2X1          1  1.7    26    51     688    (-,-) 
  FA[4].f16/FA[3].f1/M2/g28__2883/CO  -       B->CO F     ADDHX1         1  0.6    13    37     725    (-,-) 
  FA[4].f16/FA[3].f1/g1__2346/Y       -       B->Y  F     OR2X1          1  1.7    26    51     776    (-,-) 
  FA[8].f16/FA[0].f1/M2/g28__7410/CO  -       B->CO F     ADDHX1         1  0.6    13    37     812    (-,-) 
  FA[8].f16/FA[0].f1/g1__6417/Y       -       B->Y  F     OR2X1          1  1.7    26    51     863    (-,-) 
  FA[8].f16/FA[1].f1/M2/g28__2398/CO  -       B->CO F     ADDHX1         1  0.6    13    37     900    (-,-) 
  FA[8].f16/FA[1].f1/g1__5107/Y       -       B->Y  F     OR2X1          1  1.7    26    51     950    (-,-) 
  FA[8].f16/FA[2].f1/M2/g28__4319/CO  -       B->CO F     ADDHX1         1  0.6    13    37     987    (-,-) 
  FA[8].f16/FA[2].f1/g1__8428/Y       -       B->Y  F     OR2X1          1  1.7    26    51    1038    (-,-) 
  FA[8].f16/FA[3].f1/M2/g28__6783/CO  -       B->CO F     ADDHX1         1  0.6    13    37    1075    (-,-) 
  FA[8].f16/FA[3].f1/g1__3680/Y       -       B->Y  F     OR2X1          1  1.7    26    51    1125    (-,-) 
  FA[12].f16/FA[0].f1/M2/g28__2802/CO -       B->CO F     ADDHX1         1  0.6    13    37    1162    (-,-) 
  FA[12].f16/FA[0].f1/g1__1705/Y      -       B->Y  F     OR2X1          1  1.7    26    51    1213    (-,-) 
  FA[12].f16/FA[1].f1/M2/g28__8246/CO -       B->CO F     ADDHX1         1  0.6    13    37    1249    (-,-) 
  FA[12].f16/FA[1].f1/g1__7098/Y      -       B->Y  F     OR2X1          1  1.7    26    51    1300    (-,-) 
  FA[12].f16/FA[2].f1/M2/g28__1881/CO -       B->CO F     ADDHX1         1  0.6    13    37    1337    (-,-) 
  FA[12].f16/FA[2].f1/g1__5115/Y      -       B->Y  F     OR2X1          1  1.7    26    51    1387    (-,-) 
  FA[12].f16/FA[3].f1/M2/g28__4733/CO -       B->CO F     ADDHX1         1  0.6    13    37    1424    (-,-) 
  FA[12].f16/FA[3].f1/g1__6161/Y      -       B->Y  F     OR2XL          1  0.0    11    38    1462    (-,-) 
  cout                                -       -     F     (port)         -    -     -     0    1462    (-,-) 
#------------------------------------------------------------------------------------------------------------

