============================================================
  Generated by:           Genus(TM) Synthesis Solution 20.11-s111_1
  Generated on:           Oct 31 2022  12:24:42 pm
  Module:                 adderblock16bit
  Operating conditions:   typical (balanced_tree)
  Wireload mode:          enclosed
  Area mode:              timing library
============================================================


Path 1: UNCONSTRAINED
     Startpoint: (R) b[0]
       Endpoint: (F) sum[16]

                   Capture    Launch  
      Drv Adjust:+       0         0  
                                      
       Data Path:-     558            

#------------------------------------------------------------------------------------------------------------------------
#                  Timing Point                   Flags   Arc   Edge   Cell     Fanout Load Trans Delay Arrival Instance 
#                                                                                      (fF)  (ps)  (ps)   (ps)  Location 
#------------------------------------------------------------------------------------------------------------------------
  b[0]                                            -       -     R     (arrival)      2  1.9     0     0       0    (-,-) 
  ab16[0]/ab8[0]/ab2[0]/ad2[0]/g38__5107/S        -       A->S  F     ADDHX1         2  2.1    32    77      77    (-,-) 
  ab16[0]/ab8[0]/ab2[0]/ad2[0]/g37__2398/Y        -       B->Y  F     OR2X2          4  5.7    40    74     151    (-,-) 
  ab16[0]/ab8[0]/ab2[0]/genblk1[1].mu2/g3/Y       -       A->Y  R     CLKINVX2       1  1.4    13    19     170    (-,-) 
  ab16[0]/ab8[0]/ab2[0]/genblk1[1].mu2/g2__1705/Y -       OE->Y F     TBUFX4         6 13.9    37    63     233    (-,-) 
  ab16[0]/ab8[0]/genblk1[2].mu2/g3/Y              -       A->Y  R     CLKINVX2       1  2.5    17    20     253    (-,-) 
  ab16[0]/ab8[0]/genblk1[2].mu2/g2__6783/Y        -       OE->Y F     TBUFX8        10 23.5    33    72     326    (-,-) 
  ab16[0]/genblk1[4].mu2/g3/Y                     -       A->Y  R     CLKINVX2       1  2.5    17    19     344    (-,-) 
  ab16[0]/genblk1[4].mu2/g2__6783/Y               -       OE->Y F     TBUFX8        18 32.9    43    78     422    (-,-) 
  genblk1[0].mu2/g5/Y                             -       A->Y  R     CLKINVX2       1  1.1    12    19     441    (-,-) 
  genblk1[0].mu2/g2__4733/Y                       -       OE->Y F     TBUFX1         1  2.3    23    52     494    (-,-) 
  g475/Y                                          -       B->Y  F     CLKMX2X3       1  0.0    18    64     558    (-,-) 
  sum[16]                                         -        -    F     (port)         -    -     -    0      558    (-,-) 
#------------------------------------------------------------------------------------------------------------------------

