============================================================
  Generated by:           Genus(TM) Synthesis Solution 20.11-s111_1
  Generated on:           Oct 31 2022  12:14:15 pm
  Module:                 CSA64bit
  Operating conditions:   typical (balanced_tree)
  Wireload mode:          enclosed
  Area mode:              timing library
============================================================


Path 1: UNCONSTRAINED
     Startpoint: (R) b[0]
       Endpoint: (F) cout

                   Capture    Launch  
      Drv Adjust:+       0         0  
                                      
       Data Path:-    1733            

#--------------------------------------------------------------------------------------------------------------
#             Timing Point              Flags   Arc   Edge   Cell     Fanout Load Trans Delay Arrival Instance 
#                                                                            (fF)  (ps)  (ps)   (ps)  Location 
#--------------------------------------------------------------------------------------------------------------
  b[0]                                  -       -     R     (arrival)      1  1.3     0     0       0    (-,-) 
  FA[0].AB4/add1/f1[0]/M1/g28__2398/S   -       A->S  F     ADDHX1         2  2.6    36    79      79    (-,-) 
  FA[0].AB4/add1/f1[0]/M2/g28__5107/CO  -       B->CO F     ADDHX1         1  0.6    14    40     119    (-,-) 
  FA[0].AB4/add1/f1[0]/g1__6260/Y       -       B->Y  F     OR2X1          1  1.7    26    51     170    (-,-) 
  FA[0].AB4/add1/f1[1]/M2/g28__8428/CO  -       B->CO F     ADDHX1         1  0.6    13    37     206    (-,-) 
  FA[0].AB4/add1/f1[1]/g1__5526/Y       -       B->Y  F     OR2X1          1  1.7    26    51     257    (-,-) 
  FA[0].AB4/add1/f1[2]/M2/g28__3680/CO  -       B->CO F     ADDHX1         1  0.6    13    37     294    (-,-) 
  FA[0].AB4/add1/f1[2]/g1__1617/Y       -       B->Y  F     OR2X1          1  1.7    26    51     344    (-,-) 
  FA[0].AB4/add1/f1[3]/M2/g28__1705/CO  -       B->CO F     ADDHX1         1  0.6    13    37     381    (-,-) 
  FA[0].AB4/add1/f1[3]/g1__5122/Y       -       B->Y  F     OR2X1          1  0.9    20    47     428    (-,-) 
  FA[0].AB4/gen1/g78/Y                  -       A->Y  R     CLKINVX1       1  0.9    14    14     442    (-,-) 
  FA[0].AB4/gen1/g71__8246/Y            -       B0->Y F     OAI31X1        2  3.3    77    48     490    (-,-) 
  FA[4].AB4/add1/f1[0]/M2/g28__1881/CO  -       B->CO F     ADDHX1         1  0.6    13    52     542    (-,-) 
  FA[4].AB4/add1/f1[0]/g1__5115/Y       -       B->Y  F     OR2X1          1  1.7    26    50     592    (-,-) 
  FA[4].AB4/add1/f1[1]/M2/g28__4733/CO  -       B->CO F     ADDHX1         1  0.6    13    37     629    (-,-) 
  FA[4].AB4/add1/f1[1]/g1__6161/Y       -       B->Y  F     OR2X1          1  1.7    26    51     680    (-,-) 
  FA[4].AB4/add1/f1[2]/M2/g28__9945/CO  -       B->CO F     ADDHX1         1  0.6    13    37     717    (-,-) 
  FA[4].AB4/add1/f1[2]/g1__2883/Y       -       B->Y  F     OR2X1          1  1.7    26    51     767    (-,-) 
  FA[4].AB4/add1/f1[3]/M2/g28__1666/CO  -       B->CO F     ADDHX1         1  0.6    13    37     804    (-,-) 
  FA[4].AB4/add1/f1[3]/g1__7410/Y       -       B->Y  F     OR2X1          1  0.9    20    47     851    (-,-) 
  FA[4].AB4/gen1/g78/Y                  -       A->Y  R     CLKINVX1       1  0.9    14    14     865    (-,-) 
  FA[4].AB4/gen1/g71__6417/Y            -       B0->Y F     OAI31X1        2  3.3    77    48     913    (-,-) 
  FA[8].AB4/add1/f1[0]/M2/g28__5107/CO  -       B->CO F     ADDHX1         1  0.6    13    52     965    (-,-) 
  FA[8].AB4/add1/f1[0]/g1__6260/Y       -       B->Y  F     OR2X1          1  1.7    26    50    1015    (-,-) 
  FA[8].AB4/add1/f1[1]/M2/g28__8428/CO  -       B->CO F     ADDHX1         1  0.6    13    37    1052    (-,-) 
  FA[8].AB4/add1/f1[1]/g1__5526/Y       -       B->Y  F     OR2X1          1  1.7    26    51    1103    (-,-) 
  FA[8].AB4/add1/f1[2]/M2/g28__3680/CO  -       B->CO F     ADDHX1         1  0.6    13    37    1140    (-,-) 
  FA[8].AB4/add1/f1[2]/g1__1617/Y       -       B->Y  F     OR2X1          1  1.7    26    51    1190    (-,-) 
  FA[8].AB4/add1/f1[3]/M2/g28__1705/CO  -       B->CO F     ADDHX1         1  0.6    13    37    1227    (-,-) 
  FA[8].AB4/add1/f1[3]/g1__5122/Y       -       B->Y  F     OR2X1          1  0.9    20    47    1274    (-,-) 
  FA[8].AB4/gen1/g78/Y                  -       A->Y  R     CLKINVX1       1  0.9    14    14    1288    (-,-) 
  FA[8].AB4/gen1/g71__8246/Y            -       B0->Y F     OAI31X1        2  3.3    77    48    1336    (-,-) 
  FA[12].AB4/add1/f1[0]/M2/g28__1881/CO -       B->CO F     ADDHX1         1  0.6    13    52    1388    (-,-) 
  FA[12].AB4/add1/f1[0]/g1__5115/Y      -       B->Y  F     OR2X1          1  1.7    26    50    1438    (-,-) 
  FA[12].AB4/add1/f1[1]/M2/g28__4733/CO -       B->CO F     ADDHX1         1  0.6    13    37    1475    (-,-) 
  FA[12].AB4/add1/f1[1]/g1__6161/Y      -       B->Y  F     OR2X1          1  1.7    26    51    1526    (-,-) 
  FA[12].AB4/add1/f1[2]/M2/g28__9945/CO -       B->CO F     ADDHX1         1  0.6    13    37    1562    (-,-) 
  FA[12].AB4/add1/f1[2]/g1__2883/Y      -       B->Y  F     OR2X1          1  1.7    26    51    1613    (-,-) 
  FA[12].AB4/add1/f1[3]/M2/g28__1666/CO -       B->CO F     ADDHX1         1  0.6    13    37    1650    (-,-) 
  FA[12].AB4/add1/f1[3]/g1__7410/Y      -       B->Y  F     OR2X1          1  0.9    20    47    1697    (-,-) 
  FA[12].AB4/gen1/g78/Y                 -       A->Y  R     CLKINVX1       1  0.7    12    13    1710    (-,-) 
  FA[12].AB4/gen1/g71__6417/Y           -       B0->Y F     OAI31XL        1  0.0    31    24    1733    (-,-) 
  cout                                  -       -     F     (port)         -    -     -     0    1733    (-,-) 
#--------------------------------------------------------------------------------------------------------------

